<?xml version="1.0" encoding="UTF-8"?>
<!-- Generated by org.testng.reporters.JUnitXMLReporter -->
<testsuite hostname="DESKTOP-T4RFUB8" ignored="0" name="registration test" tests="2" failures="0" timestamp="2019-10-02T15:28:13 UZT" time="41.56" errors="0">
  <testcase name="useerRegistration" time="27.174" classname="com.Automationpractice.user_registration.UserRegistration"/>
  <testcase name="Login_with_invalid_userid" time="14.329" classname="com.Automationpractice.login.LoginTests"/>
</testsuite> <!-- registration test -->
