<?xml version="1.0" encoding="UTF-8"?>
<!-- Generated by org.testng.reporters.JUnitXMLReporter -->
<testsuite hostname="DESKTOP-T4RFUB8" ignored="4" name="automationpractice" tests="1" failures="0" timestamp="2019-10-08T11:47:25 UZT" time="0.046" errors="0">
  <testcase name="@BeforeClass beforeClass" time="0.01" classname="com.herokuapp.testleaf.Table">
    <failure type="org.openqa.selenium.NoSuchSessionException" message="Session ID is null. Using WebDriver after calling quit()?
Build info: version: &amp;apos;3.141.59&amp;apos;, revision: &amp;apos;e82be7d358&amp;apos;, time: &amp;apos;2018-11-14T08:17:03&amp;apos;
System info: host: &amp;apos;DESKTOP-T4RFUB8&amp;apos;, ip: &amp;apos;192.168.43.80&amp;apos;, os.name: &amp;apos;Windows 10&amp;apos;, os.arch: &amp;apos;amd64&amp;apos;, os.version: &amp;apos;10.0&amp;apos;, java.version: &amp;apos;1.8.0_211&amp;apos;
Driver info: driver.version: RemoteWebDriver">
      <![CDATA[org.openqa.selenium.NoSuchSessionException: Session ID is null. Using WebDriver after calling quit()?
Build info: version: '3.141.59', revision: 'e82be7d358', time: '2018-11-14T08:17:03'
System info: host: 'DESKTOP-T4RFUB8', ip: '192.168.43.80', os.name: 'Windows 10', os.arch: 'amd64', os.version: '10.0', java.version: '1.8.0_211'
Driver info: driver.version: RemoteWebDriver
at org.openqa.selenium.remote.HttpCommandExecutor.execute(HttpCommandExecutor.java:125)
at org.openqa.selenium.remote.service.DriverCommandExecutor.execute(DriverCommandExecutor.java:83)
at org.openqa.selenium.remote.RemoteWebDriver.execute(RemoteWebDriver.java:552)
at org.openqa.selenium.remote.RemoteWebDriver.get(RemoteWebDriver.java:277)
at Utils.DriverHelper.operUrl(DriverHelper.java:21)
at com.herokuapp.testleaf.Table.beforeClass(Table.java:20)
at java.util.ArrayList.forEach(ArrayList.java:1257)
... Removed 24 stack frames]]>
    </failure>
  </testcase> <!-- @BeforeClass beforeClass -->
  <testcase name="@AfterTest closeBrowser" time="-1.570517245851E9" classname="Driver_Factory.NonStaticDriver">
    <skipped/>
  </testcase> <!-- @AfterTest closeBrowser -->
  <testcase name="tableTest5" time="0.0" classname="com.herokuapp.testleaf.Table">
    <skipped/>
  </testcase> <!-- tableTest5 -->
  <testcase name="tableTest1" time="0.0" classname="com.herokuapp.testleaf.Table">
    <ignored/>
  </testcase> <!-- tableTest1 -->
  <testcase name="tableTest4" time="0.0" classname="com.herokuapp.testleaf.Table">
    <ignored/>
  </testcase> <!-- tableTest4 -->
  <testcase name="tableTest2" time="0.0" classname="com.herokuapp.testleaf.Table">
    <ignored/>
  </testcase> <!-- tableTest2 -->
  <testcase name="tableTest3" time="0.0" classname="com.herokuapp.testleaf.Table">
    <ignored/>
  </testcase> <!-- tableTest3 -->
</testsuite> <!-- automationpractice -->
