<?xml version="1.0" encoding="UTF-8"?>
<!-- Generated by org.testng.reporters.JUnitXMLReporter -->
<testsuite hostname="DESKTOP-T4RFUB8" ignored="1" name="automationpractice" tests="1" failures="0" timestamp="2019-11-14T20:55:16 UZT" time="8.892" errors="0">
  <testcase name="Login_with_invalid_userid" time="8.841" classname="com.Automationpractice.login.LoginTests"/>
  <testcase name="testOne" time="0.0" classname="com.Automationpractice.login.LoginTests">
    <ignored/>
  </testcase> <!-- testOne -->
</testsuite> <!-- automationpractice -->
