<?xml version="1.0" encoding="UTF-8"?>
<!-- Generated by org.testng.reporters.JUnitXMLReporter -->
<testsuite hostname="DESKTOP-T4RFUB8" ignored="1" name="Default test" tests="1" failures="0" timestamp="2019-11-14T23:32:49 UZT" time="17.974" errors="0">
  <testcase name="Login_with_invalid_userid" time="17.115" classname="com.Automationpractice.login.LoginTests"/>
  <testcase name="testOne" time="0.0" classname="com.Automationpractice.login.LoginTests">
    <ignored/>
  </testcase> <!-- testOne -->
</testsuite> <!-- Default test -->
