<?xml version="1.0" encoding="UTF-8"?>
<!-- Generated by org.testng.reporters.JUnitXMLReporter -->
<testsuite hostname="DESKTOP-T4RFUB8" ignored="0" name="Test set 3" tests="9" failures="0" timestamp="2019-10-04T23:45:33 UZT" time="46.698" errors="0">
  <testcase name="testOne" time="29.051" classname="automationpractice.demos.ParrallelSet2"/>
  <testcase name="testOne" time="32.185" classname="automationpractice.demos.ParrallelSet1"/>
  <testcase name="testThree" time="15.992" classname="automationpractice.demos.ParrallelSet2"/>
  <testcase name="testThree" time="12.942" classname="automationpractice.demos.ParrallelSet1"/>
  <testcase name="testTwo" time="10.853" classname="automationpractice.demos.ParrallelSet2"/>
  <testcase name="testTwo" time="10.847" classname="automationpractice.demos.ParrallelSet1"/>
  <testcase name="testOne" time="13.094" classname="automationpractice.demos.ParrallelSet3"/>
  <testcase name="testThree" time="15.59" classname="automationpractice.demos.ParrallelSet3"/>
  <testcase name="testTwo" time="3.614" classname="automationpractice.demos.ParrallelSet3"/>
</testsuite> <!-- Test set 3 -->
