<?xml version="1.0" encoding="UTF-8"?>
<!-- Generated by org.testng.reporters.JUnitXMLReporter -->
<testsuite hostname="DESKTOP-T4RFUB8" ignored="0" name="Test set 2" tests="6" failures="0" timestamp="2019-10-04T23:44:50 UZT" time="73.05" errors="0">
  <testcase name="testOne" time="29.051" classname="automationpractice.demos.ParrallelSet2"/>
  <testcase name="testOne" time="32.185" classname="automationpractice.demos.ParrallelSet1"/>
  <testcase name="testThree" time="15.992" classname="automationpractice.demos.ParrallelSet2"/>
  <testcase name="testThree" time="12.942" classname="automationpractice.demos.ParrallelSet1"/>
  <testcase name="testTwo" time="10.853" classname="automationpractice.demos.ParrallelSet2"/>
  <testcase name="testTwo" time="10.847" classname="automationpractice.demos.ParrallelSet1"/>
</testsuite> <!-- Test set 2 -->
