<?xml version="1.0" encoding="UTF-8"?>
<!-- Generated by org.testng.reporters.JUnitXMLReporter -->
<testsuite hostname="DESKTOP-T4RFUB8" ignored="1" name="ChromeTests" tests="2" failures="0" timestamp="2019-11-15T00:19:29 UZT" time="60.965" errors="0">
  <testcase name="Login_with_invalid_userid" time="11.985" classname="com.Automationpractice.login.LoginTests"/>
  <testcase name="useerRegistration" time="41.375" classname="com.Automationpractice.user_registration.UserRegistration"/>
  <testcase name="testOne" time="0.0" classname="com.Automationpractice.login.LoginTests">
    <ignored/>
  </testcase> <!-- testOne -->
</testsuite> <!-- ChromeTests -->
